Sync Explicit (1): sddm-0.20.0-2
resolving dependencies...
looking for conflicting packages...

Packages (7) double-conversion-3.3.0-1  md4c-0.4.8-1  qt5-base-5.15.11+kde+r146-1  qt5-declarative-5.15.11+kde+r32-1  qt5-translations-5.15.11-1  tslib-1.22-1  sddm-0.20.0-2

Total Download Size:    23.43 MiB
Total Installed Size:  106.94 MiB

:: Proceed with installation? [Y/n] 
:: Retrieving packages...
 qt5-base-5.15.11+kde+r146-1-x86_64 downloading...
 qt5-declarative-5.15.11+kde+r32-1-x86_64 downloading...
 sddm-0.20.0-2-x86_64 downloading...
 qt5-translations-5.15.11-1-any downloading...
 tslib-1.22-1-x86_64 downloading...
 md4c-0.4.8-1-x86_64 downloading...
 double-conversion-3.3.0-1-x86_64 downloading...
checking keyring...
checking package integrity...
loading package files...
checking for file conflicts...
checking available disk space...
:: Processing package changes...
installing tslib...
installing double-conversion...
installing md4c...
installing qt5-translations...
installing qt5-base...
Optional dependencies for qt5-base
    qt5-svg: to use SVG icon themes
    qt5-wayland: to run Qt applications in a Wayland session
    postgresql-libs: PostgreSQL driver
    mariadb-libs: MariaDB driver
    unixodbc: ODBC driver
    libfbclient: Firebird/iBase driver
    freetds: MS SQL driver
    gtk3: GTK platform plugin [installed]
    perl: for fixqt4headers and syncqt [installed]
installing qt5-declarative...
installing sddm...
:: Running post-transaction hooks...
(1/5) Creating system user accounts...
Creating group 'sddm' with GID 969.
Creating user 'sddm' (SDDM Greeter Account) with UID 969 and GID 969.
(2/5) Reloading system manager configuration...
(3/5) Creating temporary files...
(4/5) Arming ConditionNeedsUpdate...
(5/5) Reloading system bus configuration...
Sync Explicit (1): numlockx-1.2-5
resolving dependencies...
looking for conflicting packages...

Packages (1) numlockx-1.2-5

Total Download Size:   0.01 MiB
Total Installed Size:  0.01 MiB

:: Proceed with installation? [Y/n] 
:: Retrieving packages...
 numlockx-1.2-5-x86_64 downloading...
checking keyring...
checking package integrity...
loading package files...
checking for file conflicts...
checking available disk space...
:: Processing package changes...
installing numlockx...
:: Running post-transaction hooks...
(1/1) Arming ConditionNeedsUpdate...
Sync Explicit (1): qt5-graphicaleffects-5.15.11-1
resolving dependencies...
looking for conflicting packages...

Packages (1) qt5-graphicaleffects-5.15.11-1

Total Download Size:   0.07 MiB
Total Installed Size:  0.53 MiB

:: Proceed with installation? [Y/n] 
:: Retrieving packages...
 qt5-graphicaleffects-5.15.11-1-x86_64 downloading...
checking keyring...
checking package integrity...
loading package files...
checking for file conflicts...
checking available disk space...
:: Processing package changes...
installing qt5-graphicaleffects...
:: Running post-transaction hooks...
(1/1) Arming ConditionNeedsUpdate...
Sync Explicit (1): qt5-svg-5.15.11+kde+r6-1
resolving dependencies...
looking for conflicting packages...

Packages (1) qt5-svg-5.15.11+kde+r6-1

Total Download Size:   0.15 MiB
Total Installed Size:  0.49 MiB

:: Proceed with installation? [Y/n] 
:: Retrieving packages...
 qt5-svg-5.15.11+kde+r6-1-x86_64 downloading...
checking keyring...
checking package integrity...
loading package files...
checking for file conflicts...
checking available disk space...
:: Processing package changes...
installing qt5-svg...
:: Running post-transaction hooks...
(1/1) Arming ConditionNeedsUpdate...
Sync Explicit (1): qt5-quickcontrols2-5.15.11+kde+r5-1
resolving dependencies...
looking for conflicting packages...

Packages (1) qt5-quickcontrols2-5.15.11+kde+r5-1

Total Download Size:   1.52 MiB
Total Installed Size:  8.73 MiB

:: Proceed with installation? [Y/n] 
:: Retrieving packages...
 qt5-quickcontrols2-5.15.11+kde+r5-1-x86_64 downloading...
checking keyring...
checking package integrity...
loading package files...
checking for file conflicts...
checking available disk space...
:: Processing package changes...
installing qt5-quickcontrols2...
Optional dependencies for qt5-quickcontrols2
    qt5-graphicaleffects: for the Material style [installed]
:: Running post-transaction hooks...
(1/1) Arming ConditionNeedsUpdate...
Sync Explicit (1): polybar-3.7.0-1
resolving dependencies...
looking for conflicting packages...

Packages (2) libmpdclient-2.20-3  polybar-3.7.0-1

Total Download Size:   0.77 MiB
Total Installed Size:  2.58 MiB

:: Proceed with installation? [Y/n] 
:: Retrieving packages...
 polybar-3.7.0-1-x86_64 downloading...
 libmpdclient-2.20-3-x86_64 downloading...
checking keyring...
checking package integrity...
loading package files...
checking for file conflicts...
checking available disk space...
:: Processing package changes...
installing libmpdclient...
installing polybar...
Optional dependencies for polybar
    i3-wm: i3 module support [installed]
:: Running post-transaction hooks...
(1/1) Arming ConditionNeedsUpdate...
